# JRE version: OpenJDK Runtime Environment (8.0_242-b01) (build 1.8.0_242-release-1644-b01)
# Java VM: OpenJDK 64-Bit Server VM (25.242-b01 mixed mode windows-amd64 compressed oops)
Heap:
 PSYoungGen      total 402432K, used 151506K [0x00000000d5580000, 0x00000000f0800000, 0x0000000100000000)
  eden space 359936K, 30% used [0x00000000d5580000,0x00000000dbff8cb8,0x00000000eb500000)
  from space 42496K, 99% used [0x00000000eb500000,0x00000000ede7be10,0x00000000ede80000)
  to   space 35840K, 0% used [0x00000000ee500000,0x00000000ee500000,0x00000000f0800000)
 ParOldGen       total 308224K, used 116714K [0x0000000080000000, 0x0000000092d00000, 0x00000000d5580000)
  object space 308224K, 37% used [0x0000000080000000,0x00000000871fa9e0,0x0000000092d00000)
 Metaspace       used 94677K, capacity 100350K, committed 100528K, reserved 1136640K
  class space    used 12202K, capacity 13186K, committed 13232K, reserved 1048576K
GC Heap History (10 events):
Event: 584.165 GC heap before
{Heap before GC invocations=21 (full 4):
 PSYoungGen      total 336384K, used 306688K [0x00000000d5580000, 0x00000000f2800000, 0x0000000100000000)
  eden space 306688K, 100% used [0x00000000d5580000,0x00000000e8100000,0x00000000e8100000)
  from space 29696K, 0% used [0x00000000eae80000,0x00000000eae80000,0x00000000ecb80000)
  to   space 46592K, 0% used [0x00000000e8100000,0x00000000e8100000,0x00000000eae80000)
 ParOldGen       total 308224K, used 101790K [0x0000000080000000, 0x0000000092d00000, 0x00000000d5580000)
  object space 308224K, 33% used [0x0000000080000000,0x0000000086367948,0x0000000092d00000)
 Metaspace       used 92701K, capacity 97146K, committed 98856K, reserved 1134592K
  class space    used 12023K, capacity 12860K, committed 13232K, reserved 1048576K
Event: 584.182 GC heap after
Heap after GC invocations=21 (full 4):
 PSYoungGen      total 353280K, used 16331K [0x00000000d5580000, 0x00000000efe80000, 0x0000000100000000)
  eden space 306688K, 0% used [0x00000000d5580000,0x00000000d5580000,0x00000000e8100000)
  from space 46592K, 35% used [0x00000000e8100000,0x00000000e90f2ec8,0x00000000eae80000)
  to   space 45056K, 0% used [0x00000000ed280000,0x00000000ed280000,0x00000000efe80000)
 ParOldGen       total 308224K, used 101798K [0x0000000080000000, 0x0000000092d00000, 0x00000000d5580000)
  object space 308224K, 33% used [0x0000000080000000,0x0000000086369948,0x0000000092d00000)
 Metaspace       used 92701K, capacity 97146K, committed 98856K, reserved 1134592K
  class space    used 12023K, capacity 12860K, committed 13232K, reserved 1048576K
}
Event: 1464.037 GC heap before
{Heap before GC invocations=22 (full 4):
 PSYoungGen      total 353280K, used 323019K [0x00000000d5580000, 0x00000000efe80000, 0x0000000100000000)
  eden space 306688K, 100% used [0x00000000d5580000,0x00000000e8100000,0x00000000e8100000)
  from space 46592K, 35% used [0x00000000e8100000,0x00000000e90f2ec8,0x00000000eae80000)
  to   space 45056K, 0% used [0x00000000ed280000,0x00000000ed280000,0x00000000efe80000)
 ParOldGen       total 308224K, used 101798K [0x0000000080000000, 0x0000000092d00000, 0x00000000d5580000)
  object space 308224K, 33% used [0x0000000080000000,0x0000000086369948,0x0000000092d00000)
 Metaspace       used 93256K, capacity 97920K, committed 99248K, reserved 1134592K
  class space    used 12051K, capacity 12913K, committed 13232K, reserved 1048576K
Event: 1464.051 GC heap after
Heap after GC invocations=22 (full 4):
 PSYoungGen      total 372736K, used 14688K [0x00000000d5580000, 0x00000000ef480000, 0x0000000100000000)
  eden space 337920K, 0% used [0x00000000d5580000,0x00000000d5580000,0x00000000e9f80000)
  from space 34816K, 42% used [0x00000000ed280000,0x00000000ee0d8278,0x00000000ef480000)
  to   space 43520K, 0% used [0x00000000e9f80000,0x00000000e9f80000,0x00000000eca00000)
 ParOldGen       total 308224K, used 101806K [0x0000000080000000, 0x0000000092d00000, 0x00000000d5580000)
  object space 308224K, 33% used [0x0000000080000000,0x000000008636b948,0x0000000092d00000)
 Metaspace       used 93256K, capacity 97920K, committed 99248K, reserved 1134592K
  class space    used 12051K, capacity 12913K, committed 13232K, reserved 1048576K
}
Event: 1775.017 GC heap before
{Heap before GC invocations=23 (full 4):
 PSYoungGen      total 372736K, used 352608K [0x00000000d5580000, 0x00000000ef480000, 0x0000000100000000)
  eden space 337920K, 100% used [0x00000000d5580000,0x00000000e9f80000,0x00000000e9f80000)
  from space 34816K, 42% used [0x00000000ed280000,0x00000000ee0d8278,0x00000000ef480000)
  to   space 43520K, 0% used [0x00000000e9f80000,0x00000000e9f80000,0x00000000eca00000)
 ParOldGen       total 308224K, used 101806K [0x0000000080000000, 0x0000000092d00000, 0x00000000d5580000)
  object space 308224K, 33% used [0x0000000080000000,0x000000008636b948,0x0000000092d00000)
 Metaspace       used 94126K, capacity 99738K, committed 100016K, reserved 1136640K
  class space    used 12198K, capacity 13184K, committed 13232K, reserved 1048576K
Event: 1775.024 GC heap after
Heap after GC invocations=23 (full 4):
 PSYoungGen      total 381440K, used 5136K [0x00000000d5580000, 0x00000000f0f80000, 0x0000000100000000)
  eden space 337920K, 0% used [0x00000000d5580000,0x00000000d5580000,0x00000000e9f80000)
  from space 43520K, 11% used [0x00000000e9f80000,0x00000000ea484250,0x00000000eca00000)
  to   space 43520K, 0% used [0x00000000ee500000,0x00000000ee500000,0x00000000f0f80000)
 ParOldGen       total 308224K, used 101814K [0x0000000080000000, 0x0000000092d00000, 0x00000000d5580000)
  object space 308224K, 33% used [0x0000000080000000,0x000000008636d948,0x0000000092d00000)
 Metaspace       used 94126K, capacity 99738K, committed 100016K, reserved 1136640K
  class space    used 12198K, capacity 13184K, committed 13232K, reserved 1048576K
}
Event: 2985.934 GC heap before
{Heap before GC invocations=24 (full 4):
 PSYoungGen      total 381440K, used 343056K [0x00000000d5580000, 0x00000000f0f80000, 0x0000000100000000)
  eden space 337920K, 100% used [0x00000000d5580000,0x00000000e9f80000,0x00000000e9f80000)
  from space 43520K, 11% used [0x00000000e9f80000,0x00000000ea484250,0x00000000eca00000)
  to   space 43520K, 0% used [0x00000000ee500000,0x00000000ee500000,0x00000000f0f80000)
 ParOldGen       total 308224K, used 101814K [0x0000000080000000, 0x0000000092d00000, 0x00000000d5580000)
  object space 308224K, 33% used [0x0000000080000000,0x000000008636d948,0x0000000092d00000)
 Metaspace       used 94333K, capacity 99946K, committed 100016K, reserved 1136640K
  class space    used 12200K, capacity 13186K, committed 13232K, reserved 1048576K
Event: 2985.958 GC heap after
Heap after GC invocations=24 (full 4):
 PSYoungGen      total 395776K, used 11872K [0x00000000d5580000, 0x00000000f0800000, 0x0000000100000000)
  eden space 359936K, 0% used [0x00000000d5580000,0x00000000d5580000,0x00000000eb500000)
  from space 35840K, 33% used [0x00000000ee500000,0x00000000ef0982d8,0x00000000f0800000)
  to   space 42496K, 0% used [0x00000000eb500000,0x00000000eb500000,0x00000000ede80000)
 ParOldGen       total 308224K, used 101822K [0x0000000080000000, 0x0000000092d00000, 0x00000000d5580000)
  object space 308224K, 33% used [0x0000000080000000,0x000000008636f948,0x0000000092d00000)
 Metaspace       used 94333K, capacity 99946K, committed 100016K, reserved 1136640K
  class space    used 12200K, capacity 13186K, committed 13232K, reserved 1048576K
}
Event: 2994.078 GC heap before
{Heap before GC invocations=25 (full 4):
 PSYoungGen      total 395776K, used 371808K [0x00000000d5580000, 0x00000000f0800000, 0x0000000100000000)
  eden space 359936K, 100% used [0x00000000d5580000,0x00000000eb500000,0x00000000eb500000)
  from space 35840K, 33% used [0x00000000ee500000,0x00000000ef0982d8,0x00000000f0800000)
  to   space 42496K, 0% used [0x00000000eb500000,0x00000000eb500000,0x00000000ede80000)
 ParOldGen       total 308224K, used 101822K [0x0000000080000000, 0x0000000092d00000, 0x00000000d5580000)
  object space 308224K, 33% used [0x0000000080000000,0x000000008636f948,0x0000000092d00000)
 Metaspace       used 94633K, capacity 100214K, committed 100528K, reserved 1136640K
  class space    used 12200K, capacity 13186K, committed 13232K, reserved 1048576K
Event: 2994.162 GC heap after
Heap after GC invocations=25 (full 4):
 PSYoungGen      total 402432K, used 42479K [0x00000000d5580000, 0x00000000f0800000, 0x0000000100000000)
  eden space 359936K, 0% used [0x00000000d5580000,0x00000000d5580000,0x00000000eb500000)
  from space 42496K, 99% used [0x00000000eb500000,0x00000000ede7be10,0x00000000ede80000)
  to   space 35840K, 0% used [0x00000000ee500000,0x00000000ee500000,0x00000000f0800000)
 ParOldGen       total 308224K, used 116714K [0x0000000080000000, 0x0000000092d00000, 0x00000000d5580000)
  object space 308224K, 37% used [0x0000000080000000,0x00000000871fa9e0,0x0000000092d00000)
 Metaspace       used 94633K, capacity 100214K, committed 100528K, reserved 1136640K
  class space    used 12200K, capacity 13186K, committed 13232K, reserved 1048576K
}

